[2018-06-04 00:54:56.221] [sharedprocess] [info] main {"machineId":"8cbeaa062f760ca595191e6713be2bf3cb33ba40a4efcc3d8b25abc8f9766d7b"}
[2018-06-04 00:54:56.305] [sharedprocess] [info] Scanned user extensions: 4
[2018-06-04 00:54:56.400] [sharedprocess] [info] Scanned system extensions: 69
[2018-06-04 00:54:57.134] [sharedprocess] [info] Scanned user extensions: 4
[2018-06-04 00:54:57.138] [sharedprocess] [info] Scanned user extensions: 4
[2018-06-04 00:54:57.197] [sharedprocess] [info] Scanned system extensions: 69
[2018-06-04 00:55:00.277] [sharedprocess] [info] Scanned user extensions: 4
[2018-06-04 00:55:36.246] [sharedprocess] [info] Starting to clean up unused language packs.
[2018-06-04 00:56:40.855] [sharedprocess] [info] Scanned user extensions: 4
[2018-06-04 00:57:01.055] [sharedprocess] [info] Scanned user extensions: 4
[2018-06-04 00:57:01.622] [sharedprocess] [info] Scanned user extensions: 4
[2018-06-04 01:00:00.395] [sharedprocess] [info] Scanned user extensions: 4
[2018-06-04 01:05:00.467] [sharedprocess] [info] Scanned user extensions: 4
[2018-06-04 01:07:13.279] [sharedprocess] [info] Scanned user extensions: 4
[2018-06-04 01:08:16.034] [sharedprocess] [info] Scanned user extensions: 4
[2018-06-04 01:08:16.043] [sharedprocess] [info] Scanned user extensions: 4
[2018-06-04 01:08:16.047] [sharedprocess] [info] Scanned user extensions: 4
[2018-06-04 01:08:16.093] [sharedprocess] [info] Scanned system extensions: 69
[2018-06-04 01:08:16.097] [sharedprocess] [info] Scanned system extensions: 69
[2018-06-04 01:10:00.514] [sharedprocess] [info] Scanned user extensions: 4
[2018-06-04 01:15:00.570] [sharedprocess] [info] Scanned user extensions: 4
[2018-06-04 01:15:43.866] [sharedprocess] [info] Installing extension: Material-theme
[2018-06-04 01:15:43.875] [sharedprocess] [info] Scanned user extensions: 4
[2018-06-04 01:15:47.980] [sharedprocess] [info] Downloaded extension: Material-theme
[2018-06-04 01:15:48.014] [sharedprocess] [info] Extracted extension to /home/ibrahim/.vscode/extensions/.zhuangtongfa.material-theme-2.13.6: zhuangtongfa.material-theme-2.13.6
[2018-06-04 01:15:48.014] [sharedprocess] [info] Renamed to /home/ibrahim/.vscode/extensions/zhuangtongfa.material-theme-2.13.6
[2018-06-04 01:15:48.014] [sharedprocess] [info] Installation completed. zhuangtongfa.material-theme-2.13.6
[2018-06-04 01:15:48.032] [sharedprocess] [info] Extensions installed successfully: zhuangtongfa.material-theme
[2018-06-04 01:15:48.187] [sharedprocess] [info] Scanned user extensions: 5
[2018-06-04 01:15:48.210] [sharedprocess] [info] Scanned system extensions: 69
