Formatting failed:
/usr/bin/clang -style={ BasedOnStyle: LLVM, UseTab: Never, IndentWidth: 2, TabWidth: 2, BreakBeforeBraces: Allman, AllowShortIfStatementsOnASingleLine: false, IndentCaseLabels: false, ColumnLimit: 0 } -fallback-style=LLVM -sort-includes=0 -cursor=1660 -offset=1660 -length=1 -assume-filename=/mnt/all_files/work/learning/c_algorithms/013_double_ended_queue_using_1d_array.c
  clang: error: unknown argument: '-style={ BasedOnStyle: LLVM, UseTab: Never, IndentWidth: 2, TabWidth: 2, BreakBeforeBraces: Allman, AllowShortIfStatementsOnASingleLine: false, IndentCaseLabels: false, ColumnLimit: 0 }'
  clang: error: unknown argument: '-fallback-style=LLVM'
  clang: error: unknown argument: '-sort-includes=0'
  clang: error: unknown argument: '-cursor=1660'
  
Formatting failed:
/usr/bin/clang -style={ BasedOnStyle: LLVM, UseTab: Never, IndentWidth: 2, TabWidth: 2, BreakBeforeBraces: Allman, AllowShortIfStatementsOnASingleLine: false, IndentCaseLabels: false, ColumnLimit: 0 } -fallback-style=LLVM -sort-includes=0 -cursor=1697 -offset=1697 -length=1 -assume-filename=/mnt/all_files/work/learning/c_algorithms/013_double_ended_queue_using_1d_array.c
  clang: error: unknown argument: '-style={ BasedOnStyle: LLVM, UseTab: Never, IndentWidth: 2, TabWidth: 2, BreakBeforeBraces: Allman, AllowShortIfStatementsOnASingleLine: false, IndentCaseLabels: false, ColumnLimit: 0 }'
  clang: error: unknown argument: '-fallback-style=LLVM'
  clang: error: unknown argument: '-sort-includes=0'
  clang: error: unknown argument: '-cursor=1697'
  
Formatting failed:
/usr/bin/clang -style={ BasedOnStyle: LLVM, UseTab: Never, IndentWidth: 2, TabWidth: 2, BreakBeforeBraces: Allman, AllowShortIfStatementsOnASingleLine: false, IndentCaseLabels: false, ColumnLimit: 0 } -fallback-style=LLVM -sort-includes=0 -cursor=1738 -offset=1738 -length=1 -assume-filename=/mnt/all_files/work/learning/c_algorithms/013_double_ended_queue_using_1d_array.c
  clang: error: unknown argument: '-style={ BasedOnStyle: LLVM, UseTab: Never, IndentWidth: 2, TabWidth: 2, BreakBeforeBraces: Allman, AllowShortIfStatementsOnASingleLine: false, IndentCaseLabels: false, ColumnLimit: 0 }'
  clang: error: unknown argument: '-fallback-style=LLVM'
  clang: error: unknown argument: '-sort-includes=0'
  clang: error: unknown argument: '-cursor=1738'
  
Formatting failed:
/usr/bin/clang -style={ BasedOnStyle: LLVM, UseTab: Never, IndentWidth: 2, TabWidth: 2, BreakBeforeBraces: Allman, AllowShortIfStatementsOnASingleLine: false, IndentCaseLabels: false, ColumnLimit: 0 } -fallback-style=LLVM -sort-includes=0 -cursor=1761 -offset=1761 -length=1 -assume-filename=/mnt/all_files/work/learning/c_algorithms/013_double_ended_queue_using_1d_array.c
  clang: error: unknown argument: '-style={ BasedOnStyle: LLVM, UseTab: Never, IndentWidth: 2, TabWidth: 2, BreakBeforeBraces: Allman, AllowShortIfStatementsOnASingleLine: false, IndentCaseLabels: false, ColumnLimit: 0 }'
  clang: error: unknown argument: '-fallback-style=LLVM'
  clang: error: unknown argument: '-sort-includes=0'
  clang: error: unknown argument: '-cursor=1761'
  
Formatting failed:
/usr/bin/clang -style={ BasedOnStyle: LLVM, UseTab: Never, IndentWidth: 2, TabWidth: 2, BreakBeforeBraces: Allman, AllowShortIfStatementsOnASingleLine: false, IndentCaseLabels: false, ColumnLimit: 0 } -fallback-style=LLVM -sort-includes=0 -cursor=1822 -offset=1822 -length=1 -assume-filename=/mnt/all_files/work/learning/c_algorithms/013_double_ended_queue_using_1d_array.c
  clang: error: unknown argument: '-style={ BasedOnStyle: LLVM, UseTab: Never, IndentWidth: 2, TabWidth: 2, BreakBeforeBraces: Allman, AllowShortIfStatementsOnASingleLine: false, IndentCaseLabels: false, ColumnLimit: 0 }'
  clang: error: unknown argument: '-fallback-style=LLVM'
  clang: error: unknown argument: '-sort-includes=0'
  clang: error: unknown argument: '-cursor=1822'
  
Formatting failed:
/usr/bin/clang -style={ BasedOnStyle: LLVM, UseTab: Never, IndentWidth: 4, TabWidth: 4, BreakBeforeBraces: Allman, AllowShortIfStatementsOnASingleLine: false, IndentCaseLabels: false, ColumnLimit: 0 } -fallback-style=LLVM -sort-includes=0 -cursor=1916 -offset=1916 -length=1 -assume-filename=/mnt/all_files/work/learning/c_algorithms/013_double_ended_queue_using_1d_array.c
  clang: error: unknown argument: '-style={ BasedOnStyle: LLVM, UseTab: Never, IndentWidth: 4, TabWidth: 4, BreakBeforeBraces: Allman, AllowShortIfStatementsOnASingleLine: false, IndentCaseLabels: false, ColumnLimit: 0 }'
  clang: error: unknown argument: '-fallback-style=LLVM'
  clang: error: unknown argument: '-sort-includes=0'
  clang: error: unknown argument: '-cursor=1916'
  
Formatting failed:
/usr/bin/clang -style={ BasedOnStyle: LLVM, UseTab: Never, IndentWidth: 4, TabWidth: 4, BreakBeforeBraces: Allman, AllowShortIfStatementsOnASingleLine: false, IndentCaseLabels: false, ColumnLimit: 0 } -fallback-style=LLVM -sort-includes=0 -cursor=1957 -offset=1957 -length=1 -assume-filename=/mnt/all_files/work/learning/c_algorithms/013_double_ended_queue_using_1d_array.c
  clang: error: unknown argument: '-style={ BasedOnStyle: LLVM, UseTab: Never, IndentWidth: 4, TabWidth: 4, BreakBeforeBraces: Allman, AllowShortIfStatementsOnASingleLine: false, IndentCaseLabels: false, ColumnLimit: 0 }'
  clang: error: unknown argument: '-fallback-style=LLVM'
  clang: error: unknown argument: '-sort-includes=0'
  clang: error: unknown argument: '-cursor=1957'
  
Formatting failed:
/usr/bin/clang -style={ BasedOnStyle: LLVM, UseTab: Never, IndentWidth: 4, TabWidth: 4, BreakBeforeBraces: Allman, AllowShortIfStatementsOnASingleLine: false, IndentCaseLabels: false, ColumnLimit: 0 } -fallback-style=LLVM -sort-includes=0 -cursor=2021 -offset=2021 -length=1 -assume-filename=/mnt/all_files/work/learning/c_algorithms/013_double_ended_queue_using_1d_array.c
  clang: error: unknown argument: '-style={ BasedOnStyle: LLVM, UseTab: Never, IndentWidth: 4, TabWidth: 4, BreakBeforeBraces: Allman, AllowShortIfStatementsOnASingleLine: false, IndentCaseLabels: false, ColumnLimit: 0 }'
  clang: error: unknown argument: '-fallback-style=LLVM'
  clang: error: unknown argument: '-sort-includes=0'
  clang: error: unknown argument: '-cursor=2021'
  
Formatting failed:
/usr/bin/clang -style={ BasedOnStyle: LLVM, UseTab: Never, IndentWidth: 4, TabWidth: 4, BreakBeforeBraces: Allman, AllowShortIfStatementsOnASingleLine: false, IndentCaseLabels: false, ColumnLimit: 0 } -fallback-style=LLVM -sort-includes=0 -cursor=2188 -offset=2188 -length=1 -assume-filename=/mnt/all_files/work/learning/c_algorithms/013_double_ended_queue_using_1d_array.c
  clang: error: unknown argument: '-style={ BasedOnStyle: LLVM, UseTab: Never, IndentWidth: 4, TabWidth: 4, BreakBeforeBraces: Allman, AllowShortIfStatementsOnASingleLine: false, IndentCaseLabels: false, ColumnLimit: 0 }'
  clang: error: unknown argument: '-fallback-style=LLVM'
  clang: error: unknown argument: '-sort-includes=0'
  clang: error: unknown argument: '-cursor=2188'
  
Formatting failed:
/usr/bin/clang -style={ BasedOnStyle: LLVM, UseTab: Never, IndentWidth: 4, TabWidth: 4, BreakBeforeBraces: Allman, AllowShortIfStatementsOnASingleLine: false, IndentCaseLabels: false, ColumnLimit: 0 } -fallback-style=LLVM -sort-includes=0 -cursor=2211 -offset=2211 -length=1 -assume-filename=/mnt/all_files/work/learning/c_algorithms/013_double_ended_queue_using_1d_array.c
  clang: error: unknown argument: '-style={ BasedOnStyle: LLVM, UseTab: Never, IndentWidth: 4, TabWidth: 4, BreakBeforeBraces: Allman, AllowShortIfStatementsOnASingleLine: false, IndentCaseLabels: false, ColumnLimit: 0 }'
  clang: error: unknown argument: '-fallback-style=LLVM'
  clang: error: unknown argument: '-sort-includes=0'
  clang: error: unknown argument: '-cursor=2211'
  
Formatting failed:
/usr/bin/clang -style={ BasedOnStyle: LLVM, UseTab: Never, IndentWidth: 4, TabWidth: 4, BreakBeforeBraces: Allman, AllowShortIfStatementsOnASingleLine: false, IndentCaseLabels: false, ColumnLimit: 0 } -fallback-style=LLVM -sort-includes=0 -cursor=2276 -offset=2276 -length=1 -assume-filename=/mnt/all_files/work/learning/c_algorithms/013_double_ended_queue_using_1d_array.c
  clang: error: unknown argument: '-style={ BasedOnStyle: LLVM, UseTab: Never, IndentWidth: 4, TabWidth: 4, BreakBeforeBraces: Allman, AllowShortIfStatementsOnASingleLine: false, IndentCaseLabels: false, ColumnLimit: 0 }'
  clang: error: unknown argument: '-fallback-style=LLVM'
  clang: error: unknown argument: '-sort-includes=0'
  clang: error: unknown argument: '-cursor=2276'
  
Formatting failed:
/usr/bin/clang -style={ BasedOnStyle: LLVM, UseTab: Never, IndentWidth: 4, TabWidth: 4, BreakBeforeBraces: Allman, AllowShortIfStatementsOnASingleLine: false, IndentCaseLabels: false, ColumnLimit: 0 } -fallback-style=LLVM -sort-includes=0 -cursor=1019 -offset=1019 -length=1 -assume-filename=/mnt/all_files/work/learning/c_algorithms/013_double_ended_queue_using_1d_array.c
  clang: error: unknown argument: '-style={ BasedOnStyle: LLVM, UseTab: Never, IndentWidth: 4, TabWidth: 4, BreakBeforeBraces: Allman, AllowShortIfStatementsOnASingleLine: false, IndentCaseLabels: false, ColumnLimit: 0 }'
  clang: error: unknown argument: '-fallback-style=LLVM'
  clang: error: unknown argument: '-sort-includes=0'
  clang: error: unknown argument: '-cursor=1019'
  
